<?xml version="1.0" encoding="UTF-8"?>
<!-- Generated by org.testng.reporters.JUnitReportReporter -->
<testsuite skipped="0" hostname="Wenable-PC" name="com.crm.qa.testcases.LoginPageTest" tests="3" failures="0" timestamp="13 Jun 2018 09:23:17 GMT" time="38.744" errors="0">
  <testcase name="LoginPageTitleTest" time="8.687" classname="com.crm.qa.testcases.LoginPageTest"/>
  <testcase name="CRMLogoTest" time="10.484" classname="com.crm.qa.testcases.LoginPageTest"/>
  <testcase name="LoginTest" time="19.573" classname="com.crm.qa.testcases.LoginPageTest"/>
</testsuite> <!-- com.crm.qa.testcases.LoginPageTest -->
